<component name="libraryTable">
  <library name="junit-5.0.0">
    <CLASSES>
      <root url="jar://$PROJECT_DIR$/lib/junit-jupiter-api-5.0.0.jar!/" />
      <root url="jar://$PROJECT_DIR$/lib/opentest4j-1.0.0.jar!/" />
    </CLASSES>
    <JAVADOC />
    <SOURCES />
  </library>
</component>